Building DAG of jobs...
Using shell: /bin/bash
Provided cores: 1 (use --cores to define parallelism)
Rules claiming more threads will be scaled down.
Job stats:
job                   count    min threads    max threads
------------------  -------  -------------  -------------
all                       1              1              1
filter_1kg_seqdata        1              1              1
total                     2              1              1

Select jobs to execute...

[Wed Jul 13 15:27:28 2022]
rule filter_1kg_seqdata:
    input: /project2/jjberg/data/1kg/plink-files/files/EUR/all_chroms.bed, data/sib_gwas/filtered/ieu-b-4815_highfrq_LDclumped_transformed_rsID.txt
    output: data/1kg_prs/b-4815/ieu-b-4815_1kg_dosage.bed
    jobid: 1
    reason: Missing output files: data/1kg_prs/b-4815/ieu-b-4815_1kg_dosage.bed
    wildcards: code=4815
    resources: tmpdir=/tmp

[Wed Jul 13 15:28:46 2022]
Finished job 1.
1 of 2 steps (50%) done
Select jobs to execute...

[Wed Jul 13 15:28:46 2022]
localrule all:
    input: data/1kg_prs/b-4815/ieu-b-4815_1kg_dosage.bed
    jobid: 0
    reason: Input files updated by another job: data/1kg_prs/b-4815/ieu-b-4815_1kg_dosage.bed
    resources: tmpdir=/tmp

[Wed Jul 13 15:28:46 2022]
Finished job 0.
2 of 2 steps (100%) done
Complete log: .snakemake/log/2022-07-13T152728.371176.snakemake.log
