Building DAG of jobs...
Using shell: /bin/bash
Provided cores: 1 (use --cores to define parallelism)
Rules claiming more threads will be scaled down.
Job stats:
job                   count    min threads    max threads
------------------  -------  -------------  -------------
LD_clumping               1              1              1
all                       1              1              1
filter_1kg_seqdata        1              1              1
total                     3              1              1

Select jobs to execute...

[Wed Jul 13 15:26:18 2022]
rule LD_clumping:
    input: data/sib_gwas/filtered/ieu-b-4815_highfrq.txt, /project2/jjberg/hkim/filter_sibgwas_LDclumping.pl
    output: data/sib_gwas/filtered/ieu-b-4815_highfrq_LDclumped.txt, data/sib_gwas/filtered/ieu-b-4815_highfrq_LDclumped_transformed.txt, data/sib_gwas/filtered/ieu-b-4815_highfrq_LDclumped_transformed_rsID.txt
    jobid: 2
    reason: Missing output files: data/sib_gwas/filtered/ieu-b-4815_highfrq_LDclumped_transformed_rsID.txt
    wildcards: code=4815
    resources: tmpdir=/tmp

[Wed Jul 13 15:26:49 2022]
Finished job 2.
1 of 3 steps (33%) done
Select jobs to execute...

[Wed Jul 13 15:26:49 2022]
rule filter_1kg_seqdata:
    input: /project2/jjberg/data/1kg/plink-files/files/EUR/all_chroms.bed, data/sib_gwas/filtered/ieu-b-4815_highfrq_LDclumped_transformed_rsID.txt
    output: data/1kg_prs/b-4815/ieu-b-4815_1kg_dosage.bed
    jobid: 1
    reason: Missing output files: data/1kg_prs/b-4815/ieu-b-4815_1kg_dosage.bed; Input files updated by another job: data/sib_gwas/filtered/ieu-b-4815_highfrq_LDclumped_transformed_rsID.txt
    wildcards: code=4815
    resources: tmpdir=/tmp

[Wed Jul 13 15:26:49 2022]
Error in rule filter_1kg_seqdata:
    jobid: 1
    output: data/1kg_prs/b-4815/ieu-b-4815_1kg_dosage.bed
    shell:
        
    	plink --bfile /project2/jjberg/data/1kg/plink-files/files/EUR/all_chroms --extract data/sib_gwas/filtered/ieu-b-4815_highfrq_LDclumped_transformed_rsID.txt --make-bed --out data/1kg_prs/b-4815/ieu-b-4815_1kg_dosage
        
        (one of the commands exited with non-zero exit code; note that snakemake uses bash strict mode!)

Shutting down, this might take some time.
Exiting because a job execution failed. Look above for error message
Complete log: .snakemake/log/2022-07-13T152618.172090.snakemake.log
