Building DAG of jobs...
Using shell: /bin/bash
Provided cores: 14
Rules claiming more threads will be scaled down.
Job stats:
job                   count    min threads    max threads
------------------  -------  -------------  -------------
LD_clumping              11              1              1
all                       1              1              1
filter_1kg_seqdata       13              1              1
filter_gwas              11              1              1
total                    36              1              1

Select jobs to execute...

[Wed Jul 13 20:37:39 2022]
rule filter_gwas:
    input: data/sib_gwas/ieu-b-4845.vcf, /project2/jjberg/hkim/filter_sibgwas_high_freq_vars.pl
    output: data/sib_gwas/filtered/ieu-b-4845_highfrq.txt
    jobid: 51
    reason: Missing output files: data/sib_gwas/filtered/ieu-b-4845_highfrq.txt
    wildcards: code=4845
    resources: tmpdir=/tmp/jobs/21609452


[Wed Jul 13 20:37:39 2022]
rule filter_1kg_seqdata:
    input: /project2/jjberg/data/1kg/plink-files/files/EUR/all_chroms.bed, data/sib_gwas/filtered/ieu-b-4859_highfrq_LDclumped_transformed_rsID.txt
    output: data/1kg_prs/b-4859/ieu-b-4859_1kg_dosage.bed
    jobid: 70
    reason: Missing output files: data/1kg_prs/b-4859/ieu-b-4859_1kg_dosage.bed
    wildcards: code=4859
    resources: tmpdir=/tmp/jobs/21609452


[Wed Jul 13 20:37:39 2022]
rule filter_gwas:
    input: data/sib_gwas/ieu-b-4837.vcf, /project2/jjberg/hkim/filter_sibgwas_high_freq_vars.pl
    output: data/sib_gwas/filtered/ieu-b-4837_highfrq.txt
    jobid: 39
    reason: Missing output files: data/sib_gwas/filtered/ieu-b-4837_highfrq.txt
    wildcards: code=4837
    resources: tmpdir=/tmp/jobs/21609452


[Wed Jul 13 20:37:39 2022]
rule filter_gwas:
    input: data/sib_gwas/ieu-b-4825.vcf, /project2/jjberg/hkim/filter_sibgwas_high_freq_vars.pl
    output: data/sib_gwas/filtered/ieu-b-4825_highfrq.txt
    jobid: 21
    reason: Missing output files: data/sib_gwas/filtered/ieu-b-4825_highfrq.txt
    wildcards: code=4825
    resources: tmpdir=/tmp/jobs/21609452


[Wed Jul 13 20:37:39 2022]
rule filter_gwas:
    input: data/sib_gwas/ieu-b-4831.vcf, /project2/jjberg/hkim/filter_sibgwas_high_freq_vars.pl
    output: data/sib_gwas/filtered/ieu-b-4831_highfrq.txt
    jobid: 30
    reason: Missing output files: data/sib_gwas/filtered/ieu-b-4831_highfrq.txt
    wildcards: code=4831
    resources: tmpdir=/tmp/jobs/21609452


[Wed Jul 13 20:37:39 2022]
rule filter_gwas:
    input: data/sib_gwas/ieu-b-4823.vcf, /project2/jjberg/hkim/filter_sibgwas_high_freq_vars.pl
    output: data/sib_gwas/filtered/ieu-b-4823_highfrq.txt
    jobid: 18
    reason: Missing output files: data/sib_gwas/filtered/ieu-b-4823_highfrq.txt
    wildcards: code=4823
    resources: tmpdir=/tmp/jobs/21609452


[Wed Jul 13 20:37:39 2022]
rule filter_1kg_seqdata:
    input: /project2/jjberg/data/1kg/plink-files/files/EUR/all_chroms.bed, data/sib_gwas/filtered/ieu-b-4827_highfrq_LDclumped_transformed_rsID.txt
    output: data/1kg_prs/b-4827/ieu-b-4827_1kg_dosage.bed
    jobid: 22
    reason: Missing output files: data/1kg_prs/b-4827/ieu-b-4827_1kg_dosage.bed
    wildcards: code=4827
    resources: tmpdir=/tmp/jobs/21609452


[Wed Jul 13 20:37:39 2022]
rule filter_gwas:
    input: data/sib_gwas/ieu-b-4835.vcf, /project2/jjberg/hkim/filter_sibgwas_high_freq_vars.pl
    output: data/sib_gwas/filtered/ieu-b-4835_highfrq.txt
    jobid: 36
    reason: Missing output files: data/sib_gwas/filtered/ieu-b-4835_highfrq.txt
    wildcards: code=4835
    resources: tmpdir=/tmp/jobs/21609452


[Wed Jul 13 20:37:39 2022]
rule filter_gwas:
    input: data/sib_gwas/ieu-b-4855.vcf, /project2/jjberg/hkim/filter_sibgwas_high_freq_vars.pl
    output: data/sib_gwas/filtered/ieu-b-4855_highfrq.txt
    jobid: 66
    reason: Missing output files: data/sib_gwas/filtered/ieu-b-4855_highfrq.txt
    wildcards: code=4855
    resources: tmpdir=/tmp/jobs/21609452


[Wed Jul 13 20:37:39 2022]
rule filter_gwas:
    input: data/sib_gwas/ieu-b-4849.vcf, /project2/jjberg/hkim/filter_sibgwas_high_freq_vars.pl
    output: data/sib_gwas/filtered/ieu-b-4849_highfrq.txt
    jobid: 57
    reason: Missing output files: data/sib_gwas/filtered/ieu-b-4849_highfrq.txt
    wildcards: code=4849
    resources: tmpdir=/tmp/jobs/21609452


[Wed Jul 13 20:37:39 2022]
rule filter_gwas:
    input: data/sib_gwas/ieu-b-4819.vcf, /project2/jjberg/hkim/filter_sibgwas_high_freq_vars.pl
    output: data/sib_gwas/filtered/ieu-b-4819_highfrq.txt
    jobid: 12
    reason: Missing output files: data/sib_gwas/filtered/ieu-b-4819_highfrq.txt
    wildcards: code=4819
    resources: tmpdir=/tmp/jobs/21609452


[Wed Jul 13 20:37:39 2022]
rule filter_gwas:
    input: data/sib_gwas/ieu-b-4841.vcf, /project2/jjberg/hkim/filter_sibgwas_high_freq_vars.pl
    output: data/sib_gwas/filtered/ieu-b-4841_highfrq.txt
    jobid: 45
    reason: Missing output files: data/sib_gwas/filtered/ieu-b-4841_highfrq.txt
    wildcards: code=4841
    resources: tmpdir=/tmp/jobs/21609452


[Wed Jul 13 20:37:39 2022]
rule filter_gwas:
    input: data/sib_gwas/ieu-b-4853.vcf, /project2/jjberg/hkim/filter_sibgwas_high_freq_vars.pl
    output: data/sib_gwas/filtered/ieu-b-4853_highfrq.txt
    jobid: 63
    reason: Missing output files: data/sib_gwas/filtered/ieu-b-4853_highfrq.txt
    wildcards: code=4853
    resources: tmpdir=/tmp/jobs/21609452

[Wed Jul 13 20:38:22 2022]
Finished job 12.
1 of 36 steps (3%) done
Select jobs to execute...

[Wed Jul 13 20:38:22 2022]
rule LD_clumping:
    input: data/sib_gwas/filtered/ieu-b-4819_highfrq.txt, /project2/jjberg/hkim/filter_sibgwas_LDclumping.pl
    output: data/sib_gwas/filtered/ieu-b-4819_highfrq_LDclumped.txt, data/sib_gwas/filtered/ieu-b-4819_highfrq_LDclumped_transformed.txt, data/sib_gwas/filtered/ieu-b-4819_highfrq_LDclumped_transformed_rsID.txt
    jobid: 11
    reason: Missing output files: data/sib_gwas/filtered/ieu-b-4819_highfrq_LDclumped_transformed_rsID.txt; Input files updated by another job: data/sib_gwas/filtered/ieu-b-4819_highfrq.txt
    wildcards: code=4819
    resources: tmpdir=/tmp/jobs/21609452

[Wed Jul 13 20:38:23 2022]
Finished job 39.
2 of 36 steps (6%) done
Select jobs to execute...

[Wed Jul 13 20:38:23 2022]
rule LD_clumping:
    input: data/sib_gwas/filtered/ieu-b-4837_highfrq.txt, /project2/jjberg/hkim/filter_sibgwas_LDclumping.pl
    output: data/sib_gwas/filtered/ieu-b-4837_highfrq_LDclumped.txt, data/sib_gwas/filtered/ieu-b-4837_highfrq_LDclumped_transformed.txt, data/sib_gwas/filtered/ieu-b-4837_highfrq_LDclumped_transformed_rsID.txt
    jobid: 38
    reason: Missing output files: data/sib_gwas/filtered/ieu-b-4837_highfrq_LDclumped_transformed_rsID.txt; Input files updated by another job: data/sib_gwas/filtered/ieu-b-4837_highfrq.txt
    wildcards: code=4837
    resources: tmpdir=/tmp/jobs/21609452

[Wed Jul 13 20:38:24 2022]
Finished job 18.
3 of 36 steps (8%) done
Select jobs to execute...

[Wed Jul 13 20:38:24 2022]
rule LD_clumping:
    input: data/sib_gwas/filtered/ieu-b-4823_highfrq.txt, /project2/jjberg/hkim/filter_sibgwas_LDclumping.pl
    output: data/sib_gwas/filtered/ieu-b-4823_highfrq_LDclumped.txt, data/sib_gwas/filtered/ieu-b-4823_highfrq_LDclumped_transformed.txt, data/sib_gwas/filtered/ieu-b-4823_highfrq_LDclumped_transformed_rsID.txt
    jobid: 17
    reason: Missing output files: data/sib_gwas/filtered/ieu-b-4823_highfrq_LDclumped_transformed_rsID.txt; Input files updated by another job: data/sib_gwas/filtered/ieu-b-4823_highfrq.txt
    wildcards: code=4823
    resources: tmpdir=/tmp/jobs/21609452

[Wed Jul 13 20:38:25 2022]
Finished job 21.
4 of 36 steps (11%) done
Select jobs to execute...

[Wed Jul 13 20:38:25 2022]
rule LD_clumping:
    input: data/sib_gwas/filtered/ieu-b-4825_highfrq.txt, /project2/jjberg/hkim/filter_sibgwas_LDclumping.pl
    output: data/sib_gwas/filtered/ieu-b-4825_highfrq_LDclumped.txt, data/sib_gwas/filtered/ieu-b-4825_highfrq_LDclumped_transformed.txt, data/sib_gwas/filtered/ieu-b-4825_highfrq_LDclumped_transformed_rsID.txt
    jobid: 20
    reason: Missing output files: data/sib_gwas/filtered/ieu-b-4825_highfrq_LDclumped_transformed_rsID.txt; Input files updated by another job: data/sib_gwas/filtered/ieu-b-4825_highfrq.txt
    wildcards: code=4825
    resources: tmpdir=/tmp/jobs/21609452

[Wed Jul 13 20:38:25 2022]
Finished job 36.
5 of 36 steps (14%) done
Select jobs to execute...

[Wed Jul 13 20:38:25 2022]
rule LD_clumping:
    input: data/sib_gwas/filtered/ieu-b-4835_highfrq.txt, /project2/jjberg/hkim/filter_sibgwas_LDclumping.pl
    output: data/sib_gwas/filtered/ieu-b-4835_highfrq_LDclumped.txt, data/sib_gwas/filtered/ieu-b-4835_highfrq_LDclumped_transformed.txt, data/sib_gwas/filtered/ieu-b-4835_highfrq_LDclumped_transformed_rsID.txt
    jobid: 35
    reason: Missing output files: data/sib_gwas/filtered/ieu-b-4835_highfrq_LDclumped_transformed_rsID.txt; Input files updated by another job: data/sib_gwas/filtered/ieu-b-4835_highfrq.txt
    wildcards: code=4835
    resources: tmpdir=/tmp/jobs/21609452

[Wed Jul 13 20:38:26 2022]
Finished job 51.
6 of 36 steps (17%) done
Select jobs to execute...

[Wed Jul 13 20:38:26 2022]
rule LD_clumping:
    input: data/sib_gwas/filtered/ieu-b-4845_highfrq.txt, /project2/jjberg/hkim/filter_sibgwas_LDclumping.pl
    output: data/sib_gwas/filtered/ieu-b-4845_highfrq_LDclumped.txt, data/sib_gwas/filtered/ieu-b-4845_highfrq_LDclumped_transformed.txt, data/sib_gwas/filtered/ieu-b-4845_highfrq_LDclumped_transformed_rsID.txt
    jobid: 50
    reason: Missing output files: data/sib_gwas/filtered/ieu-b-4845_highfrq_LDclumped_transformed_rsID.txt; Input files updated by another job: data/sib_gwas/filtered/ieu-b-4845_highfrq.txt
    wildcards: code=4845
    resources: tmpdir=/tmp/jobs/21609452

[Wed Jul 13 20:38:27 2022]
Finished job 57.
7 of 36 steps (19%) done
Select jobs to execute...

[Wed Jul 13 20:38:27 2022]
rule LD_clumping:
    input: data/sib_gwas/filtered/ieu-b-4849_highfrq.txt, /project2/jjberg/hkim/filter_sibgwas_LDclumping.pl
    output: data/sib_gwas/filtered/ieu-b-4849_highfrq_LDclumped.txt, data/sib_gwas/filtered/ieu-b-4849_highfrq_LDclumped_transformed.txt, data/sib_gwas/filtered/ieu-b-4849_highfrq_LDclumped_transformed_rsID.txt
    jobid: 56
    reason: Missing output files: data/sib_gwas/filtered/ieu-b-4849_highfrq_LDclumped_transformed_rsID.txt; Input files updated by another job: data/sib_gwas/filtered/ieu-b-4849_highfrq.txt
    wildcards: code=4849
    resources: tmpdir=/tmp/jobs/21609452

[Wed Jul 13 20:38:27 2022]
Finished job 30.
8 of 36 steps (22%) done
Select jobs to execute...

[Wed Jul 13 20:38:27 2022]
rule LD_clumping:
    input: data/sib_gwas/filtered/ieu-b-4831_highfrq.txt, /project2/jjberg/hkim/filter_sibgwas_LDclumping.pl
    output: data/sib_gwas/filtered/ieu-b-4831_highfrq_LDclumped.txt, data/sib_gwas/filtered/ieu-b-4831_highfrq_LDclumped_transformed.txt, data/sib_gwas/filtered/ieu-b-4831_highfrq_LDclumped_transformed_rsID.txt
    jobid: 29
    reason: Missing output files: data/sib_gwas/filtered/ieu-b-4831_highfrq_LDclumped_transformed_rsID.txt; Input files updated by another job: data/sib_gwas/filtered/ieu-b-4831_highfrq.txt
    wildcards: code=4831
    resources: tmpdir=/tmp/jobs/21609452

[Wed Jul 13 20:38:31 2022]
Finished job 63.
9 of 36 steps (25%) done
Select jobs to execute...

[Wed Jul 13 20:38:31 2022]
rule LD_clumping:
    input: data/sib_gwas/filtered/ieu-b-4853_highfrq.txt, /project2/jjberg/hkim/filter_sibgwas_LDclumping.pl
    output: data/sib_gwas/filtered/ieu-b-4853_highfrq_LDclumped.txt, data/sib_gwas/filtered/ieu-b-4853_highfrq_LDclumped_transformed.txt, data/sib_gwas/filtered/ieu-b-4853_highfrq_LDclumped_transformed_rsID.txt
    jobid: 62
    reason: Missing output files: data/sib_gwas/filtered/ieu-b-4853_highfrq_LDclumped_transformed_rsID.txt; Input files updated by another job: data/sib_gwas/filtered/ieu-b-4853_highfrq.txt
    wildcards: code=4853
    resources: tmpdir=/tmp/jobs/21609452

[Wed Jul 13 20:38:31 2022]
Finished job 45.
10 of 36 steps (28%) done
Select jobs to execute...

[Wed Jul 13 20:38:31 2022]
rule LD_clumping:
    input: data/sib_gwas/filtered/ieu-b-4841_highfrq.txt, /project2/jjberg/hkim/filter_sibgwas_LDclumping.pl
    output: data/sib_gwas/filtered/ieu-b-4841_highfrq_LDclumped.txt, data/sib_gwas/filtered/ieu-b-4841_highfrq_LDclumped_transformed.txt, data/sib_gwas/filtered/ieu-b-4841_highfrq_LDclumped_transformed_rsID.txt
    jobid: 44
    reason: Missing output files: data/sib_gwas/filtered/ieu-b-4841_highfrq_LDclumped_transformed_rsID.txt; Input files updated by another job: data/sib_gwas/filtered/ieu-b-4841_highfrq.txt
    wildcards: code=4841
    resources: tmpdir=/tmp/jobs/21609452

[Wed Jul 13 20:38:32 2022]
Finished job 66.
11 of 36 steps (31%) done
Select jobs to execute...

[Wed Jul 13 20:38:32 2022]
rule LD_clumping:
    input: data/sib_gwas/filtered/ieu-b-4855_highfrq.txt, /project2/jjberg/hkim/filter_sibgwas_LDclumping.pl
    output: data/sib_gwas/filtered/ieu-b-4855_highfrq_LDclumped.txt, data/sib_gwas/filtered/ieu-b-4855_highfrq_LDclumped_transformed.txt, data/sib_gwas/filtered/ieu-b-4855_highfrq_LDclumped_transformed_rsID.txt
    jobid: 65
    reason: Missing output files: data/sib_gwas/filtered/ieu-b-4855_highfrq_LDclumped_transformed_rsID.txt; Input files updated by another job: data/sib_gwas/filtered/ieu-b-4855_highfrq.txt
    wildcards: code=4855
    resources: tmpdir=/tmp/jobs/21609452

[Wed Jul 13 20:38:42 2022]
Finished job 11.
12 of 36 steps (33%) done
Select jobs to execute...

[Wed Jul 13 20:38:42 2022]
rule filter_1kg_seqdata:
    input: /project2/jjberg/data/1kg/plink-files/files/EUR/all_chroms.bed, data/sib_gwas/filtered/ieu-b-4819_highfrq_LDclumped_transformed_rsID.txt
    output: data/1kg_prs/b-4819/ieu-b-4819_1kg_dosage.bed
    jobid: 10
    reason: Missing output files: data/1kg_prs/b-4819/ieu-b-4819_1kg_dosage.bed; Input files updated by another job: data/sib_gwas/filtered/ieu-b-4819_highfrq_LDclumped_transformed_rsID.txt
    wildcards: code=4819
    resources: tmpdir=/tmp/jobs/21609452

[Wed Jul 13 20:38:44 2022]
Finished job 38.
13 of 36 steps (36%) done
Select jobs to execute...

[Wed Jul 13 20:38:44 2022]
rule filter_1kg_seqdata:
    input: /project2/jjberg/data/1kg/plink-files/files/EUR/all_chroms.bed, data/sib_gwas/filtered/ieu-b-4837_highfrq_LDclumped_transformed_rsID.txt
    output: data/1kg_prs/b-4837/ieu-b-4837_1kg_dosage.bed
    jobid: 37
    reason: Missing output files: data/1kg_prs/b-4837/ieu-b-4837_1kg_dosage.bed; Input files updated by another job: data/sib_gwas/filtered/ieu-b-4837_highfrq_LDclumped_transformed_rsID.txt
    wildcards: code=4837
    resources: tmpdir=/tmp/jobs/21609452

[Wed Jul 13 20:38:46 2022]
Finished job 35.
14 of 36 steps (39%) done
Select jobs to execute...

[Wed Jul 13 20:38:46 2022]
rule filter_1kg_seqdata:
    input: /project2/jjberg/data/1kg/plink-files/files/EUR/all_chroms.bed, data/sib_gwas/filtered/ieu-b-4835_highfrq_LDclumped_transformed_rsID.txt
    output: data/1kg_prs/b-4835/ieu-b-4835_1kg_dosage.bed
    jobid: 34
    reason: Missing output files: data/1kg_prs/b-4835/ieu-b-4835_1kg_dosage.bed; Input files updated by another job: data/sib_gwas/filtered/ieu-b-4835_highfrq_LDclumped_transformed_rsID.txt
    wildcards: code=4835
    resources: tmpdir=/tmp/jobs/21609452

[Wed Jul 13 20:38:46 2022]
Finished job 17.
15 of 36 steps (42%) done
Select jobs to execute...

[Wed Jul 13 20:38:46 2022]
rule filter_1kg_seqdata:
    input: /project2/jjberg/data/1kg/plink-files/files/EUR/all_chroms.bed, data/sib_gwas/filtered/ieu-b-4823_highfrq_LDclumped_transformed_rsID.txt
    output: data/1kg_prs/b-4823/ieu-b-4823_1kg_dosage.bed
    jobid: 16
    reason: Missing output files: data/1kg_prs/b-4823/ieu-b-4823_1kg_dosage.bed; Input files updated by another job: data/sib_gwas/filtered/ieu-b-4823_highfrq_LDclumped_transformed_rsID.txt
    wildcards: code=4823
    resources: tmpdir=/tmp/jobs/21609452

[Wed Jul 13 20:38:46 2022]
Finished job 20.
16 of 36 steps (44%) done
Select jobs to execute...

[Wed Jul 13 20:38:46 2022]
rule filter_1kg_seqdata:
    input: /project2/jjberg/data/1kg/plink-files/files/EUR/all_chroms.bed, data/sib_gwas/filtered/ieu-b-4825_highfrq_LDclumped_transformed_rsID.txt
    output: data/1kg_prs/b-4825/ieu-b-4825_1kg_dosage.bed
    jobid: 19
    reason: Missing output files: data/1kg_prs/b-4825/ieu-b-4825_1kg_dosage.bed; Input files updated by another job: data/sib_gwas/filtered/ieu-b-4825_highfrq_LDclumped_transformed_rsID.txt
    wildcards: code=4825
    resources: tmpdir=/tmp/jobs/21609452

[Wed Jul 13 20:38:47 2022]
Finished job 50.
17 of 36 steps (47%) done
Select jobs to execute...

[Wed Jul 13 20:38:47 2022]
rule filter_1kg_seqdata:
    input: /project2/jjberg/data/1kg/plink-files/files/EUR/all_chroms.bed, data/sib_gwas/filtered/ieu-b-4845_highfrq_LDclumped_transformed_rsID.txt
    output: data/1kg_prs/b-4845/ieu-b-4845_1kg_dosage.bed
    jobid: 49
    reason: Missing output files: data/1kg_prs/b-4845/ieu-b-4845_1kg_dosage.bed; Input files updated by another job: data/sib_gwas/filtered/ieu-b-4845_highfrq_LDclumped_transformed_rsID.txt
    wildcards: code=4845
    resources: tmpdir=/tmp/jobs/21609452

[Wed Jul 13 20:38:48 2022]
Finished job 56.
18 of 36 steps (50%) done
Select jobs to execute...

[Wed Jul 13 20:38:48 2022]
rule filter_1kg_seqdata:
    input: /project2/jjberg/data/1kg/plink-files/files/EUR/all_chroms.bed, data/sib_gwas/filtered/ieu-b-4849_highfrq_LDclumped_transformed_rsID.txt
    output: data/1kg_prs/b-4849/ieu-b-4849_1kg_dosage.bed
    jobid: 55
    reason: Missing output files: data/1kg_prs/b-4849/ieu-b-4849_1kg_dosage.bed; Input files updated by another job: data/sib_gwas/filtered/ieu-b-4849_highfrq_LDclumped_transformed_rsID.txt
    wildcards: code=4849
    resources: tmpdir=/tmp/jobs/21609452

[Wed Jul 13 20:38:49 2022]
Finished job 29.
19 of 36 steps (53%) done
Select jobs to execute...

[Wed Jul 13 20:38:49 2022]
rule filter_1kg_seqdata:
    input: /project2/jjberg/data/1kg/plink-files/files/EUR/all_chroms.bed, data/sib_gwas/filtered/ieu-b-4831_highfrq_LDclumped_transformed_rsID.txt
    output: data/1kg_prs/b-4831/ieu-b-4831_1kg_dosage.bed
    jobid: 28
    reason: Missing output files: data/1kg_prs/b-4831/ieu-b-4831_1kg_dosage.bed; Input files updated by another job: data/sib_gwas/filtered/ieu-b-4831_highfrq_LDclumped_transformed_rsID.txt
    wildcards: code=4831
    resources: tmpdir=/tmp/jobs/21609452

[Wed Jul 13 20:38:54 2022]
Finished job 22.
20 of 36 steps (56%) done
[Wed Jul 13 20:38:54 2022]
Finished job 70.
21 of 36 steps (58%) done
[Wed Jul 13 20:39:38 2022]
Finished job 28.
22 of 36 steps (61%) done
[Wed Jul 13 20:39:38 2022]
Finished job 10.
23 of 36 steps (64%) done
[Wed Jul 13 20:39:38 2022]
Finished job 16.
24 of 36 steps (67%) done
[Wed Jul 13 20:39:38 2022]
Finished job 19.
25 of 36 steps (69%) done
[Wed Jul 13 20:39:38 2022]
Finished job 34.
26 of 36 steps (72%) done
[Wed Jul 13 20:39:38 2022]
Finished job 49.
27 of 36 steps (75%) done
[Wed Jul 13 20:39:38 2022]
Finished job 37.
28 of 36 steps (78%) done
[Wed Jul 13 20:39:57 2022]
Finished job 55.
29 of 36 steps (81%) done
