Building DAG of jobs...
Using shell: /bin/bash
Provided cores: 14
Rules claiming more threads will be scaled down.
Job stats:
job                   count    min threads    max threads
------------------  -------  -------------  -------------
LD_clumping               2              1              1
all                       1              1              1
filter_1kg_seqdata        8              1              1
total                    11              1              1

Select jobs to execute...

[Fri Jul 22 16:59:06 2022]
rule LD_clumping:
    input: data/sib_gwas/filtered/ieu-b-4819_highfrq.txt, /project2/jjberg/hkim/filter_sibgwas_LDclumping_v2.pl
    output: data/sib_gwas/filtered/ieu-b-4819_highfrq_LDclumped.txt, data/sib_gwas/filtered/ieu-b-4819_highfrq_LDclumped_transformed.txt, data/sib_gwas/filtered/ieu-b-4819_highfrq_LDclumped_transformed_pvalfiltered.txt, data/sib_gwas/filtered/ieu-b-4819_highfrq_LDclumped_transformed_rsID.txt
    jobid: 11
    reason: Missing output files: data/sib_gwas/filtered/ieu-b-4819_highfrq_LDclumped_transformed_rsID.txt
    wildcards: code=4819
    resources: tmpdir=/tmp/jobs/21748930


[Fri Jul 22 16:59:06 2022]
rule filter_1kg_seqdata:
    input: /project2/jjberg/data/1kg/plink-files/files/EUR/all_chroms.bed, data/sib_gwas/filtered/ieu-b-4829_highfrq_LDclumped_transformed_rsID.txt
    output: data/1kg_prs/b-4829/ieu-b-4829_1kg_dosage.bed
    jobid: 25
    reason: Missing output files: data/1kg_prs/b-4829/ieu-b-4829_1kg_dosage.bed
    wildcards: code=4829
    resources: tmpdir=/tmp/jobs/21748930


[Fri Jul 22 16:59:06 2022]
rule filter_1kg_seqdata:
    input: /project2/jjberg/data/1kg/plink-files/files/EUR/all_chroms.bed, data/sib_gwas/filtered/ieu-b-4821_highfrq_LDclumped_transformed_rsID.txt
    output: data/1kg_prs/b-4821/ieu-b-4821_1kg_dosage.bed
    jobid: 13
    reason: Missing output files: data/1kg_prs/b-4821/ieu-b-4821_1kg_dosage.bed
    wildcards: code=4821
    resources: tmpdir=/tmp/jobs/21748930


[Fri Jul 22 16:59:06 2022]
rule filter_1kg_seqdata:
    input: /project2/jjberg/data/1kg/plink-files/files/EUR/all_chroms.bed, data/sib_gwas/filtered/ieu-b-4827_highfrq_LDclumped_transformed_rsID.txt
    output: data/1kg_prs/b-4827/ieu-b-4827_1kg_dosage.bed
    jobid: 22
    reason: Missing output files: data/1kg_prs/b-4827/ieu-b-4827_1kg_dosage.bed
    wildcards: code=4827
    resources: tmpdir=/tmp/jobs/21748930


[Fri Jul 22 16:59:06 2022]
rule filter_1kg_seqdata:
    input: /project2/jjberg/data/1kg/plink-files/files/EUR/all_chroms.bed, data/sib_gwas/filtered/ieu-b-4855_highfrq_LDclumped_transformed_rsID.txt
    output: data/1kg_prs/b-4855/ieu-b-4855_1kg_dosage.bed
    jobid: 64
    reason: Missing output files: data/1kg_prs/b-4855/ieu-b-4855_1kg_dosage.bed
    wildcards: code=4855
    resources: tmpdir=/tmp/jobs/21748930


[Fri Jul 22 16:59:06 2022]
rule filter_1kg_seqdata:
    input: /project2/jjberg/data/1kg/plink-files/files/EUR/all_chroms.bed, data/sib_gwas/filtered/ieu-b-4847_highfrq_LDclumped_transformed_rsID.txt
    output: data/1kg_prs/b-4847/ieu-b-4847_1kg_dosage.bed
    jobid: 52
    reason: Missing output files: data/1kg_prs/b-4847/ieu-b-4847_1kg_dosage.bed
    wildcards: code=4847
    resources: tmpdir=/tmp/jobs/21748930


[Fri Jul 22 16:59:06 2022]
rule filter_1kg_seqdata:
    input: /project2/jjberg/data/1kg/plink-files/files/EUR/all_chroms.bed, data/sib_gwas/filtered/ieu-b-4841_highfrq_LDclumped_transformed_rsID.txt
    output: data/1kg_prs/b-4841/ieu-b-4841_1kg_dosage.bed
    jobid: 43
    reason: Missing output files: data/1kg_prs/b-4841/ieu-b-4841_1kg_dosage.bed
    wildcards: code=4841
    resources: tmpdir=/tmp/jobs/21748930


[Fri Jul 22 16:59:06 2022]
rule LD_clumping:
    input: data/sib_gwas/filtered/ieu-b-4813_highfrq.txt, /project2/jjberg/hkim/filter_sibgwas_LDclumping_v2.pl
    output: data/sib_gwas/filtered/ieu-b-4813_highfrq_LDclumped.txt, data/sib_gwas/filtered/ieu-b-4813_highfrq_LDclumped_transformed.txt, data/sib_gwas/filtered/ieu-b-4813_highfrq_LDclumped_transformed_pvalfiltered.txt, data/sib_gwas/filtered/ieu-b-4813_highfrq_LDclumped_transformed_rsID.txt
    jobid: 2
    reason: Missing output files: data/sib_gwas/filtered/ieu-b-4813_highfrq_LDclumped_transformed_rsID.txt
    wildcards: code=4813
    resources: tmpdir=/tmp/jobs/21748930

[Fri Jul 22 16:59:27 2022]
Finished job 11.
1 of 11 steps (9%) done
Select jobs to execute...

[Fri Jul 22 16:59:27 2022]
rule filter_1kg_seqdata:
    input: /project2/jjberg/data/1kg/plink-files/files/EUR/all_chroms.bed, data/sib_gwas/filtered/ieu-b-4819_highfrq_LDclumped_transformed_rsID.txt
    output: data/1kg_prs/b-4819/ieu-b-4819_1kg_dosage.bed
    jobid: 10
    reason: Missing output files: data/1kg_prs/b-4819/ieu-b-4819_1kg_dosage.bed; Input files updated by another job: data/sib_gwas/filtered/ieu-b-4819_highfrq_LDclumped_transformed_rsID.txt
    wildcards: code=4819
    resources: tmpdir=/tmp/jobs/21748930

[Fri Jul 22 16:59:28 2022]
Finished job 2.
2 of 11 steps (18%) done
Select jobs to execute...

[Fri Jul 22 16:59:28 2022]
rule filter_1kg_seqdata:
    input: /project2/jjberg/data/1kg/plink-files/files/EUR/all_chroms.bed, data/sib_gwas/filtered/ieu-b-4813_highfrq_LDclumped_transformed_rsID.txt
    output: data/1kg_prs/b-4813/ieu-b-4813_1kg_dosage.bed
    jobid: 1
    reason: Missing output files: data/1kg_prs/b-4813/ieu-b-4813_1kg_dosage.bed; Input files updated by another job: data/sib_gwas/filtered/ieu-b-4813_highfrq_LDclumped_transformed_rsID.txt
    wildcards: code=4813
    resources: tmpdir=/tmp/jobs/21748930

[Fri Jul 22 17:00:21 2022]
Finished job 64.
3 of 11 steps (27%) done
[Fri Jul 22 17:00:21 2022]
Finished job 25.
4 of 11 steps (36%) done
[Fri Jul 22 17:00:21 2022]
Finished job 13.
5 of 11 steps (45%) done
[Fri Jul 22 17:00:21 2022]
Finished job 1.
6 of 11 steps (55%) done
[Fri Jul 22 17:00:21 2022]
Finished job 43.
7 of 11 steps (64%) done
[Fri Jul 22 17:00:21 2022]
Finished job 52.
8 of 11 steps (73%) done
[Fri Jul 22 17:00:21 2022]
Finished job 22.
9 of 11 steps (82%) done
[Fri Jul 22 17:00:21 2022]
Finished job 10.
10 of 11 steps (91%) done
Select jobs to execute...

[Fri Jul 22 17:00:21 2022]
localrule all:
    input: data/1kg_prs/b-4813/ieu-b-4813_1kg_dosage.bed, data/1kg_prs/b-4815/ieu-b-4815_1kg_dosage.bed, data/1kg_prs/b-4817/ieu-b-4817_1kg_dosage.bed, data/1kg_prs/b-4819/ieu-b-4819_1kg_dosage.bed, data/1kg_prs/b-4821/ieu-b-4821_1kg_dosage.bed, data/1kg_prs/b-4823/ieu-b-4823_1kg_dosage.bed, data/1kg_prs/b-4825/ieu-b-4825_1kg_dosage.bed, data/1kg_prs/b-4827/ieu-b-4827_1kg_dosage.bed, data/1kg_prs/b-4829/ieu-b-4829_1kg_dosage.bed, data/1kg_prs/b-4831/ieu-b-4831_1kg_dosage.bed, data/1kg_prs/b-4833/ieu-b-4833_1kg_dosage.bed, data/1kg_prs/b-4835/ieu-b-4835_1kg_dosage.bed, data/1kg_prs/b-4837/ieu-b-4837_1kg_dosage.bed, data/1kg_prs/b-4839/ieu-b-4839_1kg_dosage.bed, data/1kg_prs/b-4841/ieu-b-4841_1kg_dosage.bed, data/1kg_prs/b-4843/ieu-b-4843_1kg_dosage.bed, data/1kg_prs/b-4845/ieu-b-4845_1kg_dosage.bed, data/1kg_prs/b-4847/ieu-b-4847_1kg_dosage.bed, data/1kg_prs/b-4849/ieu-b-4849_1kg_dosage.bed, data/1kg_prs/b-4851/ieu-b-4851_1kg_dosage.bed, data/1kg_prs/b-4853/ieu-b-4853_1kg_dosage.bed, data/1kg_prs/b-4855/ieu-b-4855_1kg_dosage.bed, data/1kg_prs/b-4857/ieu-b-4857_1kg_dosage.bed, data/1kg_prs/b-4859/ieu-b-4859_1kg_dosage.bed
    jobid: 0
    reason: Input files updated by another job: data/1kg_prs/b-4829/ieu-b-4829_1kg_dosage.bed, data/1kg_prs/b-4841/ieu-b-4841_1kg_dosage.bed, data/1kg_prs/b-4847/ieu-b-4847_1kg_dosage.bed, data/1kg_prs/b-4855/ieu-b-4855_1kg_dosage.bed, data/1kg_prs/b-4819/ieu-b-4819_1kg_dosage.bed, data/1kg_prs/b-4813/ieu-b-4813_1kg_dosage.bed, data/1kg_prs/b-4827/ieu-b-4827_1kg_dosage.bed, data/1kg_prs/b-4821/ieu-b-4821_1kg_dosage.bed
    resources: tmpdir=/tmp/jobs/21748930

[Fri Jul 22 17:00:21 2022]
Finished job 0.
11 of 11 steps (100%) done
Complete log: .snakemake/log/2022-07-22T165856.761469.snakemake.log
