Building DAG of jobs...
Using shell: /bin/bash
Provided cores: 14
Rules claiming more threads will be scaled down.
Job stats:
job                   count    min threads    max threads
------------------  -------  -------------  -------------
LD_clumping              10              1              1
all                       1              1              1
filter_1kg_seqdata       10              1              1
total                    21              1              1

Select jobs to execute...

[Fri Jul 22 13:46:58 2022]
rule LD_clumping:
    input: data/sib_gwas/filtered/ieu-b-4849_highfrq.txt, /project2/jjberg/hkim/filter_sibgwas_LDclumping_v2.pl
    output: data/sib_gwas/filtered/ieu-b-4849_highfrq_LDclumped.txt, data/sib_gwas/filtered/ieu-b-4849_highfrq_LDclumped_transformed.txt, data/sib_gwas/filtered/ieu-b-4849_highfrq_LDclumped_transformed_pvalfiltered.txt, data/sib_gwas/filtered/ieu-b-4849_highfrq_LDclumped_transformed_rsID.txt
    jobid: 56
    reason: Code has changed since last execution
    wildcards: code=4849
    resources: tmpdir=/tmp/jobs/21743171


[Fri Jul 22 13:47:01 2022]
rule LD_clumping:
    input: data/sib_gwas/filtered/ieu-b-4819_highfrq.txt, /project2/jjberg/hkim/filter_sibgwas_LDclumping_v2.pl
    output: data/sib_gwas/filtered/ieu-b-4819_highfrq_LDclumped.txt, data/sib_gwas/filtered/ieu-b-4819_highfrq_LDclumped_transformed.txt, data/sib_gwas/filtered/ieu-b-4819_highfrq_LDclumped_transformed_pvalfiltered.txt, data/sib_gwas/filtered/ieu-b-4819_highfrq_LDclumped_transformed_rsID.txt
    jobid: 11
    reason: Code has changed since last execution
    wildcards: code=4819
    resources: tmpdir=/tmp/jobs/21743171


[Fri Jul 22 13:47:07 2022]
rule LD_clumping:
    input: data/sib_gwas/filtered/ieu-b-4825_highfrq.txt, /project2/jjberg/hkim/filter_sibgwas_LDclumping_v2.pl
    output: data/sib_gwas/filtered/ieu-b-4825_highfrq_LDclumped.txt, data/sib_gwas/filtered/ieu-b-4825_highfrq_LDclumped_transformed.txt, data/sib_gwas/filtered/ieu-b-4825_highfrq_LDclumped_transformed_pvalfiltered.txt, data/sib_gwas/filtered/ieu-b-4825_highfrq_LDclumped_transformed_rsID.txt
    jobid: 20
    reason: Code has changed since last execution
    wildcards: code=4825
    resources: tmpdir=/tmp/jobs/21743171


[Fri Jul 22 13:47:10 2022]
rule LD_clumping:
    input: data/sib_gwas/filtered/ieu-b-4845_highfrq.txt, /project2/jjberg/hkim/filter_sibgwas_LDclumping_v2.pl
    output: data/sib_gwas/filtered/ieu-b-4845_highfrq_LDclumped.txt, data/sib_gwas/filtered/ieu-b-4845_highfrq_LDclumped_transformed.txt, data/sib_gwas/filtered/ieu-b-4845_highfrq_LDclumped_transformed_pvalfiltered.txt, data/sib_gwas/filtered/ieu-b-4845_highfrq_LDclumped_transformed_rsID.txt
    jobid: 50
    reason: Code has changed since last execution
    wildcards: code=4845
    resources: tmpdir=/tmp/jobs/21743171


[Fri Jul 22 13:47:13 2022]
rule LD_clumping:
    input: data/sib_gwas/filtered/ieu-b-4837_highfrq.txt, /project2/jjberg/hkim/filter_sibgwas_LDclumping_v2.pl
    output: data/sib_gwas/filtered/ieu-b-4837_highfrq_LDclumped.txt, data/sib_gwas/filtered/ieu-b-4837_highfrq_LDclumped_transformed.txt, data/sib_gwas/filtered/ieu-b-4837_highfrq_LDclumped_transformed_pvalfiltered.txt, data/sib_gwas/filtered/ieu-b-4837_highfrq_LDclumped_transformed_rsID.txt
    jobid: 38
    reason: Code has changed since last execution
    wildcards: code=4837
    resources: tmpdir=/tmp/jobs/21743171


[Fri Jul 22 13:47:13 2022]
rule LD_clumping:
    input: data/sib_gwas/filtered/ieu-b-4813_highfrq.txt, /project2/jjberg/hkim/filter_sibgwas_LDclumping_v2.pl
    output: data/sib_gwas/filtered/ieu-b-4813_highfrq_LDclumped.txt, data/sib_gwas/filtered/ieu-b-4813_highfrq_LDclumped_transformed.txt, data/sib_gwas/filtered/ieu-b-4813_highfrq_LDclumped_transformed_pvalfiltered.txt, data/sib_gwas/filtered/ieu-b-4813_highfrq_LDclumped_transformed_rsID.txt
    jobid: 2
    reason: Code has changed since last execution
    wildcards: code=4813
    resources: tmpdir=/tmp/jobs/21743171


[Fri Jul 22 13:47:14 2022]
rule LD_clumping:
    input: data/sib_gwas/filtered/ieu-b-4831_highfrq.txt, /project2/jjberg/hkim/filter_sibgwas_LDclumping_v2.pl
    output: data/sib_gwas/filtered/ieu-b-4831_highfrq_LDclumped.txt, data/sib_gwas/filtered/ieu-b-4831_highfrq_LDclumped_transformed.txt, data/sib_gwas/filtered/ieu-b-4831_highfrq_LDclumped_transformed_pvalfiltered.txt, data/sib_gwas/filtered/ieu-b-4831_highfrq_LDclumped_transformed_rsID.txt
    jobid: 29
    reason: Code has changed since last execution
    wildcards: code=4831
    resources: tmpdir=/tmp/jobs/21743171


[Fri Jul 22 13:47:14 2022]
rule LD_clumping:
    input: data/sib_gwas/filtered/ieu-b-4823_highfrq.txt, /project2/jjberg/hkim/filter_sibgwas_LDclumping_v2.pl
    output: data/sib_gwas/filtered/ieu-b-4823_highfrq_LDclumped.txt, data/sib_gwas/filtered/ieu-b-4823_highfrq_LDclumped_transformed.txt, data/sib_gwas/filtered/ieu-b-4823_highfrq_LDclumped_transformed_pvalfiltered.txt, data/sib_gwas/filtered/ieu-b-4823_highfrq_LDclumped_transformed_rsID.txt
    jobid: 17
    reason: Code has changed since last execution
    wildcards: code=4823
    resources: tmpdir=/tmp/jobs/21743171


[Fri Jul 22 13:47:15 2022]
rule LD_clumping:
    input: data/sib_gwas/filtered/ieu-b-4815_highfrq.txt, /project2/jjberg/hkim/filter_sibgwas_LDclumping_v2.pl
    output: data/sib_gwas/filtered/ieu-b-4815_highfrq_LDclumped.txt, data/sib_gwas/filtered/ieu-b-4815_highfrq_LDclumped_transformed.txt, data/sib_gwas/filtered/ieu-b-4815_highfrq_LDclumped_transformed_pvalfiltered.txt, data/sib_gwas/filtered/ieu-b-4815_highfrq_LDclumped_transformed_rsID.txt
    jobid: 5
    reason: Code has changed since last execution
    wildcards: code=4815
    resources: tmpdir=/tmp/jobs/21743171


[Fri Jul 22 13:47:15 2022]
rule LD_clumping:
    input: data/sib_gwas/filtered/ieu-b-4835_highfrq.txt, /project2/jjberg/hkim/filter_sibgwas_LDclumping_v2.pl
    output: data/sib_gwas/filtered/ieu-b-4835_highfrq_LDclumped.txt, data/sib_gwas/filtered/ieu-b-4835_highfrq_LDclumped_transformed.txt, data/sib_gwas/filtered/ieu-b-4835_highfrq_LDclumped_transformed_pvalfiltered.txt, data/sib_gwas/filtered/ieu-b-4835_highfrq_LDclumped_transformed_rsID.txt
    jobid: 35
    reason: Code has changed since last execution
    wildcards: code=4835
    resources: tmpdir=/tmp/jobs/21743171

[Fri Jul 22 13:47:28 2022]
Finished job 56.
1 of 21 steps (5%) done
Select jobs to execute...

[Fri Jul 22 13:47:28 2022]
rule filter_1kg_seqdata:
    input: /project2/jjberg/data/1kg/plink-files/files/EUR/all_chroms.bed, data/sib_gwas/filtered/ieu-b-4849_highfrq_LDclumped_transformed_rsID.txt
    output: data/1kg_prs/b-4849/ieu-b-4849_1kg_dosage.bed
    jobid: 55
    reason: Input files updated by another job: data/sib_gwas/filtered/ieu-b-4849_highfrq_LDclumped_transformed_rsID.txt
    wildcards: code=4849
    resources: tmpdir=/tmp/jobs/21743171

[Fri Jul 22 13:47:31 2022]
Finished job 11.
2 of 21 steps (10%) done
Select jobs to execute...

[Fri Jul 22 13:47:31 2022]
rule filter_1kg_seqdata:
    input: /project2/jjberg/data/1kg/plink-files/files/EUR/all_chroms.bed, data/sib_gwas/filtered/ieu-b-4819_highfrq_LDclumped_transformed_rsID.txt
    output: data/1kg_prs/b-4819/ieu-b-4819_1kg_dosage.bed
    jobid: 10
    reason: Input files updated by another job: data/sib_gwas/filtered/ieu-b-4819_highfrq_LDclumped_transformed_rsID.txt
    wildcards: code=4819
    resources: tmpdir=/tmp/jobs/21743171

[Fri Jul 22 13:47:35 2022]
Finished job 20.
3 of 21 steps (14%) done
Select jobs to execute...

[Fri Jul 22 13:47:35 2022]
rule filter_1kg_seqdata:
    input: /project2/jjberg/data/1kg/plink-files/files/EUR/all_chroms.bed, data/sib_gwas/filtered/ieu-b-4825_highfrq_LDclumped_transformed_rsID.txt
    output: data/1kg_prs/b-4825/ieu-b-4825_1kg_dosage.bed
    jobid: 19
    reason: Input files updated by another job: data/sib_gwas/filtered/ieu-b-4825_highfrq_LDclumped_transformed_rsID.txt
    wildcards: code=4825
    resources: tmpdir=/tmp/jobs/21743171

[Fri Jul 22 13:47:39 2022]
Finished job 38.
4 of 21 steps (19%) done
Select jobs to execute...

[Fri Jul 22 13:47:39 2022]
rule filter_1kg_seqdata:
    input: /project2/jjberg/data/1kg/plink-files/files/EUR/all_chroms.bed, data/sib_gwas/filtered/ieu-b-4837_highfrq_LDclumped_transformed_rsID.txt
    output: data/1kg_prs/b-4837/ieu-b-4837_1kg_dosage.bed
    jobid: 37
    reason: Input files updated by another job: data/sib_gwas/filtered/ieu-b-4837_highfrq_LDclumped_transformed_rsID.txt
    wildcards: code=4837
    resources: tmpdir=/tmp/jobs/21743171

[Fri Jul 22 13:47:42 2022]
Finished job 2.
5 of 21 steps (24%) done
Select jobs to execute...

[Fri Jul 22 13:47:42 2022]
rule filter_1kg_seqdata:
    input: /project2/jjberg/data/1kg/plink-files/files/EUR/all_chroms.bed, data/sib_gwas/filtered/ieu-b-4813_highfrq_LDclumped_transformed_rsID.txt
    output: data/1kg_prs/b-4813/ieu-b-4813_1kg_dosage.bed
    jobid: 1
    reason: Input files updated by another job: data/sib_gwas/filtered/ieu-b-4813_highfrq_LDclumped_transformed_rsID.txt
    wildcards: code=4813
    resources: tmpdir=/tmp/jobs/21743171

[Fri Jul 22 13:47:42 2022]
Finished job 35.
6 of 21 steps (29%) done
[Fri Jul 22 13:47:42 2022]
Finished job 29.
7 of 21 steps (33%) done
Select jobs to execute...

[Fri Jul 22 13:47:42 2022]
rule filter_1kg_seqdata:
    input: /project2/jjberg/data/1kg/plink-files/files/EUR/all_chroms.bed, data/sib_gwas/filtered/ieu-b-4831_highfrq_LDclumped_transformed_rsID.txt
    output: data/1kg_prs/b-4831/ieu-b-4831_1kg_dosage.bed
    jobid: 28
    reason: Input files updated by another job: data/sib_gwas/filtered/ieu-b-4831_highfrq_LDclumped_transformed_rsID.txt
    wildcards: code=4831
    resources: tmpdir=/tmp/jobs/21743171


[Fri Jul 22 13:47:42 2022]
rule filter_1kg_seqdata:
    input: /project2/jjberg/data/1kg/plink-files/files/EUR/all_chroms.bed, data/sib_gwas/filtered/ieu-b-4835_highfrq_LDclumped_transformed_rsID.txt
    output: data/1kg_prs/b-4835/ieu-b-4835_1kg_dosage.bed
    jobid: 34
    reason: Input files updated by another job: data/sib_gwas/filtered/ieu-b-4835_highfrq_LDclumped_transformed_rsID.txt
    wildcards: code=4835
    resources: tmpdir=/tmp/jobs/21743171

[Fri Jul 22 13:47:42 2022]
Finished job 50.
8 of 21 steps (38%) done
Select jobs to execute...

[Fri Jul 22 13:47:42 2022]
rule filter_1kg_seqdata:
    input: /project2/jjberg/data/1kg/plink-files/files/EUR/all_chroms.bed, data/sib_gwas/filtered/ieu-b-4845_highfrq_LDclumped_transformed_rsID.txt
    output: data/1kg_prs/b-4845/ieu-b-4845_1kg_dosage.bed
    jobid: 49
    reason: Input files updated by another job: data/sib_gwas/filtered/ieu-b-4845_highfrq_LDclumped_transformed_rsID.txt
    wildcards: code=4845
    resources: tmpdir=/tmp/jobs/21743171

[Fri Jul 22 13:47:42 2022]
Finished job 17.
9 of 21 steps (43%) done
Select jobs to execute...

[Fri Jul 22 13:47:42 2022]
rule filter_1kg_seqdata:
    input: /project2/jjberg/data/1kg/plink-files/files/EUR/all_chroms.bed, data/sib_gwas/filtered/ieu-b-4823_highfrq_LDclumped_transformed_rsID.txt
    output: data/1kg_prs/b-4823/ieu-b-4823_1kg_dosage.bed
    jobid: 16
    reason: Input files updated by another job: data/sib_gwas/filtered/ieu-b-4823_highfrq_LDclumped_transformed_rsID.txt
    wildcards: code=4823
    resources: tmpdir=/tmp/jobs/21743171

[Fri Jul 22 13:47:43 2022]
Finished job 5.
10 of 21 steps (48%) done
Select jobs to execute...

[Fri Jul 22 13:47:43 2022]
rule filter_1kg_seqdata:
    input: /project2/jjberg/data/1kg/plink-files/files/EUR/all_chroms.bed, data/sib_gwas/filtered/ieu-b-4815_highfrq_LDclumped_transformed_rsID.txt
    output: data/1kg_prs/b-4815/ieu-b-4815_1kg_dosage.bed
    jobid: 4
    reason: Input files updated by another job: data/sib_gwas/filtered/ieu-b-4815_highfrq_LDclumped_transformed_rsID.txt
    wildcards: code=4815
    resources: tmpdir=/tmp/jobs/21743171

[Fri Jul 22 13:48:03 2022]
Error in rule filter_1kg_seqdata:
    jobid: 55
    output: data/1kg_prs/b-4849/ieu-b-4849_1kg_dosage.bed
    shell:
        
    	plink --bfile /project2/jjberg/data/1kg/plink-files/files/EUR/all_chroms --extract data/sib_gwas/filtered/ieu-b-4849_highfrq_LDclumped_transformed_rsID.txt --make-bed --out data/1kg_prs/b-4849/ieu-b-4849_1kg_dosage
        
        (one of the commands exited with non-zero exit code; note that snakemake uses bash strict mode!)

[Fri Jul 22 13:48:16 2022]
Error in rule filter_1kg_seqdata:
    jobid: 10
    output: data/1kg_prs/b-4819/ieu-b-4819_1kg_dosage.bed
    shell:
        
    	plink --bfile /project2/jjberg/data/1kg/plink-files/files/EUR/all_chroms --extract data/sib_gwas/filtered/ieu-b-4819_highfrq_LDclumped_transformed_rsID.txt --make-bed --out data/1kg_prs/b-4819/ieu-b-4819_1kg_dosage
        
        (one of the commands exited with non-zero exit code; note that snakemake uses bash strict mode!)

[Fri Jul 22 13:49:03 2022]
Finished job 16.
11 of 21 steps (52%) done
[Fri Jul 22 13:49:03 2022]
Finished job 19.
12 of 21 steps (57%) done
[Fri Jul 22 13:49:03 2022]
Finished job 37.
13 of 21 steps (62%) done
[Fri Jul 22 13:49:03 2022]
Finished job 49.
14 of 21 steps (67%) done
[Fri Jul 22 13:49:03 2022]
Finished job 34.
15 of 21 steps (71%) done
[Fri Jul 22 13:49:03 2022]
Finished job 28.
16 of 21 steps (76%) done
[Fri Jul 22 13:49:03 2022]
Finished job 1.
17 of 21 steps (81%) done
[Fri Jul 22 13:49:03 2022]
Finished job 4.
18 of 21 steps (86%) done
Shutting down, this might take some time.
Exiting because a job execution failed. Look above for error message
Complete log: .snakemake/log/2022-07-22T134646.099941.snakemake.log
