Building DAG of jobs...
Using shell: /bin/bash
Provided cores: 14
Rules claiming more threads will be scaled down.
Job stats:
job                   count    min threads    max threads
------------------  -------  -------------  -------------
LD_clumping              10              1              1
all                       1              1              1
filter_1kg_seqdata       16              1              1
total                    27              1              1

Select jobs to execute...

[Fri Jul 22 15:17:54 2022]
rule LD_clumping:
    input: data/sib_gwas/filtered/ieu-b-4849_highfrq.txt, /project2/jjberg/hkim/filter_sibgwas_LDclumping_v2.pl
    output: data/sib_gwas/filtered/ieu-b-4849_highfrq_LDclumped.txt, data/sib_gwas/filtered/ieu-b-4849_highfrq_LDclumped_transformed.txt, data/sib_gwas/filtered/ieu-b-4849_highfrq_LDclumped_transformed_pvalfiltered.txt, data/sib_gwas/filtered/ieu-b-4849_highfrq_LDclumped_transformed_rsID.txt
    jobid: 56
    reason: Missing output files: data/sib_gwas/filtered/ieu-b-4849_highfrq_LDclumped_transformed_rsID.txt
    wildcards: code=4849
    resources: tmpdir=/tmp/jobs/21743323


[Fri Jul 22 15:17:54 2022]
rule filter_1kg_seqdata:
    input: /project2/jjberg/data/1kg/plink-files/files/EUR/all_chroms.bed, data/sib_gwas/filtered/ieu-b-4829_highfrq_LDclumped_transformed_rsID.txt
    output: data/1kg_prs/b-4829/ieu-b-4829_1kg_dosage.bed
    jobid: 25
    reason: Missing output files: data/1kg_prs/b-4829/ieu-b-4829_1kg_dosage.bed
    wildcards: code=4829
    resources: tmpdir=/tmp/jobs/21743323


[Fri Jul 22 15:17:54 2022]
rule filter_1kg_seqdata:
    input: /project2/jjberg/data/1kg/plink-files/files/EUR/all_chroms.bed, data/sib_gwas/filtered/ieu-b-4821_highfrq_LDclumped_transformed_rsID.txt
    output: data/1kg_prs/b-4821/ieu-b-4821_1kg_dosage.bed
    jobid: 13
    reason: Missing output files: data/1kg_prs/b-4821/ieu-b-4821_1kg_dosage.bed
    wildcards: code=4821
    resources: tmpdir=/tmp/jobs/21743323


[Fri Jul 22 15:17:54 2022]
rule LD_clumping:
    input: data/sib_gwas/filtered/ieu-b-4825_highfrq.txt, /project2/jjberg/hkim/filter_sibgwas_LDclumping_v2.pl
    output: data/sib_gwas/filtered/ieu-b-4825_highfrq_LDclumped.txt, data/sib_gwas/filtered/ieu-b-4825_highfrq_LDclumped_transformed.txt, data/sib_gwas/filtered/ieu-b-4825_highfrq_LDclumped_transformed_pvalfiltered.txt, data/sib_gwas/filtered/ieu-b-4825_highfrq_LDclumped_transformed_rsID.txt
    jobid: 20
    reason: Missing output files: data/sib_gwas/filtered/ieu-b-4825_highfrq_LDclumped_transformed_rsID.txt
    wildcards: code=4825
    resources: tmpdir=/tmp/jobs/21743323


[Fri Jul 22 15:17:55 2022]
rule filter_1kg_seqdata:
    input: /project2/jjberg/data/1kg/plink-files/files/EUR/all_chroms.bed, data/sib_gwas/filtered/ieu-b-4827_highfrq_LDclumped_transformed_rsID.txt
    output: data/1kg_prs/b-4827/ieu-b-4827_1kg_dosage.bed
    jobid: 22
    reason: Missing output files: data/1kg_prs/b-4827/ieu-b-4827_1kg_dosage.bed
    wildcards: code=4827
    resources: tmpdir=/tmp/jobs/21743323


[Fri Jul 22 15:17:55 2022]
rule LD_clumping:
    input: data/sib_gwas/filtered/ieu-b-4845_highfrq.txt, /project2/jjberg/hkim/filter_sibgwas_LDclumping_v2.pl
    output: data/sib_gwas/filtered/ieu-b-4845_highfrq_LDclumped.txt, data/sib_gwas/filtered/ieu-b-4845_highfrq_LDclumped_transformed.txt, data/sib_gwas/filtered/ieu-b-4845_highfrq_LDclumped_transformed_pvalfiltered.txt, data/sib_gwas/filtered/ieu-b-4845_highfrq_LDclumped_transformed_rsID.txt
    jobid: 50
    reason: Missing output files: data/sib_gwas/filtered/ieu-b-4845_highfrq_LDclumped_transformed_rsID.txt
    wildcards: code=4845
    resources: tmpdir=/tmp/jobs/21743323


[Fri Jul 22 15:17:55 2022]
rule filter_1kg_seqdata:
    input: /project2/jjberg/data/1kg/plink-files/files/EUR/all_chroms.bed, data/sib_gwas/filtered/ieu-b-4855_highfrq_LDclumped_transformed_rsID.txt
    output: data/1kg_prs/b-4855/ieu-b-4855_1kg_dosage.bed
    jobid: 64
    reason: Missing output files: data/1kg_prs/b-4855/ieu-b-4855_1kg_dosage.bed
    wildcards: code=4855
    resources: tmpdir=/tmp/jobs/21743323


[Fri Jul 22 15:17:55 2022]
rule filter_1kg_seqdata:
    input: /project2/jjberg/data/1kg/plink-files/files/EUR/all_chroms.bed, data/sib_gwas/filtered/ieu-b-4847_highfrq_LDclumped_transformed_rsID.txt
    output: data/1kg_prs/b-4847/ieu-b-4847_1kg_dosage.bed
    jobid: 52
    reason: Missing output files: data/1kg_prs/b-4847/ieu-b-4847_1kg_dosage.bed
    wildcards: code=4847
    resources: tmpdir=/tmp/jobs/21743323


[Fri Jul 22 15:17:55 2022]
rule LD_clumping:
    input: data/sib_gwas/filtered/ieu-b-4837_highfrq.txt, /project2/jjberg/hkim/filter_sibgwas_LDclumping_v2.pl
    output: data/sib_gwas/filtered/ieu-b-4837_highfrq_LDclumped.txt, data/sib_gwas/filtered/ieu-b-4837_highfrq_LDclumped_transformed.txt, data/sib_gwas/filtered/ieu-b-4837_highfrq_LDclumped_transformed_pvalfiltered.txt, data/sib_gwas/filtered/ieu-b-4837_highfrq_LDclumped_transformed_rsID.txt
    jobid: 38
    reason: Missing output files: data/sib_gwas/filtered/ieu-b-4837_highfrq_LDclumped_transformed_rsID.txt
    wildcards: code=4837
    resources: tmpdir=/tmp/jobs/21743323


[Fri Jul 22 15:17:55 2022]
rule filter_1kg_seqdata:
    input: /project2/jjberg/data/1kg/plink-files/files/EUR/all_chroms.bed, data/sib_gwas/filtered/ieu-b-4841_highfrq_LDclumped_transformed_rsID.txt
    output: data/1kg_prs/b-4841/ieu-b-4841_1kg_dosage.bed
    jobid: 43
    reason: Missing output files: data/1kg_prs/b-4841/ieu-b-4841_1kg_dosage.bed
    wildcards: code=4841
    resources: tmpdir=/tmp/jobs/21743323


[Fri Jul 22 15:17:56 2022]
rule LD_clumping:
    input: data/sib_gwas/filtered/ieu-b-4831_highfrq.txt, /project2/jjberg/hkim/filter_sibgwas_LDclumping_v2.pl
    output: data/sib_gwas/filtered/ieu-b-4831_highfrq_LDclumped.txt, data/sib_gwas/filtered/ieu-b-4831_highfrq_LDclumped_transformed.txt, data/sib_gwas/filtered/ieu-b-4831_highfrq_LDclumped_transformed_pvalfiltered.txt, data/sib_gwas/filtered/ieu-b-4831_highfrq_LDclumped_transformed_rsID.txt
    jobid: 29
    reason: Missing output files: data/sib_gwas/filtered/ieu-b-4831_highfrq_LDclumped_transformed_rsID.txt
    wildcards: code=4831
    resources: tmpdir=/tmp/jobs/21743323


[Fri Jul 22 15:17:56 2022]
rule LD_clumping:
    input: data/sib_gwas/filtered/ieu-b-4823_highfrq.txt, /project2/jjberg/hkim/filter_sibgwas_LDclumping_v2.pl
    output: data/sib_gwas/filtered/ieu-b-4823_highfrq_LDclumped.txt, data/sib_gwas/filtered/ieu-b-4823_highfrq_LDclumped_transformed.txt, data/sib_gwas/filtered/ieu-b-4823_highfrq_LDclumped_transformed_pvalfiltered.txt, data/sib_gwas/filtered/ieu-b-4823_highfrq_LDclumped_transformed_rsID.txt
    jobid: 17
    reason: Missing output files: data/sib_gwas/filtered/ieu-b-4823_highfrq_LDclumped_transformed_rsID.txt
    wildcards: code=4823
    resources: tmpdir=/tmp/jobs/21743323


[Fri Jul 22 15:17:56 2022]
rule LD_clumping:
    input: data/sib_gwas/filtered/ieu-b-4815_highfrq.txt, /project2/jjberg/hkim/filter_sibgwas_LDclumping_v2.pl
    output: data/sib_gwas/filtered/ieu-b-4815_highfrq_LDclumped.txt, data/sib_gwas/filtered/ieu-b-4815_highfrq_LDclumped_transformed.txt, data/sib_gwas/filtered/ieu-b-4815_highfrq_LDclumped_transformed_pvalfiltered.txt, data/sib_gwas/filtered/ieu-b-4815_highfrq_LDclumped_transformed_rsID.txt
    jobid: 5
    reason: Missing output files: data/sib_gwas/filtered/ieu-b-4815_highfrq_LDclumped_transformed_rsID.txt
    wildcards: code=4815
    resources: tmpdir=/tmp/jobs/21743323


[Fri Jul 22 15:17:56 2022]
rule LD_clumping:
    input: data/sib_gwas/filtered/ieu-b-4835_highfrq.txt, /project2/jjberg/hkim/filter_sibgwas_LDclumping_v2.pl
    output: data/sib_gwas/filtered/ieu-b-4835_highfrq_LDclumped.txt, data/sib_gwas/filtered/ieu-b-4835_highfrq_LDclumped_transformed.txt, data/sib_gwas/filtered/ieu-b-4835_highfrq_LDclumped_transformed_pvalfiltered.txt, data/sib_gwas/filtered/ieu-b-4835_highfrq_LDclumped_transformed_rsID.txt
    jobid: 35
    reason: Missing output files: data/sib_gwas/filtered/ieu-b-4835_highfrq_LDclumped_transformed_rsID.txt
    wildcards: code=4835
    resources: tmpdir=/tmp/jobs/21743323

[Fri Jul 22 15:18:16 2022]
Finished job 56.
1 of 27 steps (4%) done
Select jobs to execute...

[Fri Jul 22 15:18:16 2022]
rule filter_1kg_seqdata:
    input: /project2/jjberg/data/1kg/plink-files/files/EUR/all_chroms.bed, data/sib_gwas/filtered/ieu-b-4849_highfrq_LDclumped_transformed_rsID.txt
    output: data/1kg_prs/b-4849/ieu-b-4849_1kg_dosage.bed
    jobid: 55
    reason: Missing output files: data/1kg_prs/b-4849/ieu-b-4849_1kg_dosage.bed; Input files updated by another job: data/sib_gwas/filtered/ieu-b-4849_highfrq_LDclumped_transformed_rsID.txt
    wildcards: code=4849
    resources: tmpdir=/tmp/jobs/21743323

[Fri Jul 22 15:18:17 2022]
Finished job 20.
2 of 27 steps (7%) done
Select jobs to execute...

[Fri Jul 22 15:18:17 2022]
rule filter_1kg_seqdata:
    input: /project2/jjberg/data/1kg/plink-files/files/EUR/all_chroms.bed, data/sib_gwas/filtered/ieu-b-4825_highfrq_LDclumped_transformed_rsID.txt
    output: data/1kg_prs/b-4825/ieu-b-4825_1kg_dosage.bed
    jobid: 19
    reason: Missing output files: data/1kg_prs/b-4825/ieu-b-4825_1kg_dosage.bed; Input files updated by another job: data/sib_gwas/filtered/ieu-b-4825_highfrq_LDclumped_transformed_rsID.txt
    wildcards: code=4825
    resources: tmpdir=/tmp/jobs/21743323

[Fri Jul 22 15:18:17 2022]
Finished job 50.
3 of 27 steps (11%) done
Select jobs to execute...

[Fri Jul 22 15:18:17 2022]
rule filter_1kg_seqdata:
    input: /project2/jjberg/data/1kg/plink-files/files/EUR/all_chroms.bed, data/sib_gwas/filtered/ieu-b-4845_highfrq_LDclumped_transformed_rsID.txt
    output: data/1kg_prs/b-4845/ieu-b-4845_1kg_dosage.bed
    jobid: 49
    reason: Missing output files: data/1kg_prs/b-4845/ieu-b-4845_1kg_dosage.bed; Input files updated by another job: data/sib_gwas/filtered/ieu-b-4845_highfrq_LDclumped_transformed_rsID.txt
    wildcards: code=4845
    resources: tmpdir=/tmp/jobs/21743323

[Fri Jul 22 15:18:17 2022]
Finished job 38.
4 of 27 steps (15%) done
Select jobs to execute...

[Fri Jul 22 15:18:17 2022]
rule filter_1kg_seqdata:
    input: /project2/jjberg/data/1kg/plink-files/files/EUR/all_chroms.bed, data/sib_gwas/filtered/ieu-b-4837_highfrq_LDclumped_transformed_rsID.txt
    output: data/1kg_prs/b-4837/ieu-b-4837_1kg_dosage.bed
    jobid: 37
    reason: Missing output files: data/1kg_prs/b-4837/ieu-b-4837_1kg_dosage.bed; Input files updated by another job: data/sib_gwas/filtered/ieu-b-4837_highfrq_LDclumped_transformed_rsID.txt
    wildcards: code=4837
    resources: tmpdir=/tmp/jobs/21743323

[Fri Jul 22 15:18:18 2022]
Finished job 5.
5 of 27 steps (19%) done
Select jobs to execute...

[Fri Jul 22 15:18:18 2022]
rule filter_1kg_seqdata:
    input: /project2/jjberg/data/1kg/plink-files/files/EUR/all_chroms.bed, data/sib_gwas/filtered/ieu-b-4815_highfrq_LDclumped_transformed_rsID.txt
    output: data/1kg_prs/b-4815/ieu-b-4815_1kg_dosage.bed
    jobid: 4
    reason: Missing output files: data/1kg_prs/b-4815/ieu-b-4815_1kg_dosage.bed; Input files updated by another job: data/sib_gwas/filtered/ieu-b-4815_highfrq_LDclumped_transformed_rsID.txt
    wildcards: code=4815
    resources: tmpdir=/tmp/jobs/21743323

[Fri Jul 22 15:18:18 2022]
Finished job 29.
6 of 27 steps (22%) done
Select jobs to execute...

[Fri Jul 22 15:18:18 2022]
rule filter_1kg_seqdata:
    input: /project2/jjberg/data/1kg/plink-files/files/EUR/all_chroms.bed, data/sib_gwas/filtered/ieu-b-4831_highfrq_LDclumped_transformed_rsID.txt
    output: data/1kg_prs/b-4831/ieu-b-4831_1kg_dosage.bed
    jobid: 28
    reason: Missing output files: data/1kg_prs/b-4831/ieu-b-4831_1kg_dosage.bed; Input files updated by another job: data/sib_gwas/filtered/ieu-b-4831_highfrq_LDclumped_transformed_rsID.txt
    wildcards: code=4831
    resources: tmpdir=/tmp/jobs/21743323

[Fri Jul 22 15:18:18 2022]
Finished job 17.
7 of 27 steps (26%) done
Select jobs to execute...

[Fri Jul 22 15:18:18 2022]
rule filter_1kg_seqdata:
    input: /project2/jjberg/data/1kg/plink-files/files/EUR/all_chroms.bed, data/sib_gwas/filtered/ieu-b-4823_highfrq_LDclumped_transformed_rsID.txt
    output: data/1kg_prs/b-4823/ieu-b-4823_1kg_dosage.bed
    jobid: 16
    reason: Missing output files: data/1kg_prs/b-4823/ieu-b-4823_1kg_dosage.bed; Input files updated by another job: data/sib_gwas/filtered/ieu-b-4823_highfrq_LDclumped_transformed_rsID.txt
    wildcards: code=4823
    resources: tmpdir=/tmp/jobs/21743323

[Fri Jul 22 15:18:18 2022]
Finished job 35.
8 of 27 steps (30%) done
Select jobs to execute...

[Fri Jul 22 15:18:18 2022]
rule filter_1kg_seqdata:
    input: /project2/jjberg/data/1kg/plink-files/files/EUR/all_chroms.bed, data/sib_gwas/filtered/ieu-b-4835_highfrq_LDclumped_transformed_rsID.txt
    output: data/1kg_prs/b-4835/ieu-b-4835_1kg_dosage.bed
    jobid: 34
    reason: Missing output files: data/1kg_prs/b-4835/ieu-b-4835_1kg_dosage.bed; Input files updated by another job: data/sib_gwas/filtered/ieu-b-4835_highfrq_LDclumped_transformed_rsID.txt
    wildcards: code=4835
    resources: tmpdir=/tmp/jobs/21743323

[Fri Jul 22 15:18:30 2022]
Error in rule filter_1kg_seqdata:
    jobid: 25
    output: data/1kg_prs/b-4829/ieu-b-4829_1kg_dosage.bed
    shell:
        
    	plink --bfile /project2/jjberg/data/1kg/plink-files/files/EUR/all_chroms --extract data/sib_gwas/filtered/ieu-b-4829_highfrq_LDclumped_transformed_rsID.txt --make-bed --out data/1kg_prs/b-4829/ieu-b-4829_1kg_dosage
        
        (one of the commands exited with non-zero exit code; note that snakemake uses bash strict mode!)

[Fri Jul 22 15:18:33 2022]
Error in rule filter_1kg_seqdata:
    jobid: 22
    output: data/1kg_prs/b-4827/ieu-b-4827_1kg_dosage.bed
    shell:
        
    	plink --bfile /project2/jjberg/data/1kg/plink-files/files/EUR/all_chroms --extract data/sib_gwas/filtered/ieu-b-4827_highfrq_LDclumped_transformed_rsID.txt --make-bed --out data/1kg_prs/b-4827/ieu-b-4827_1kg_dosage
        
        (one of the commands exited with non-zero exit code; note that snakemake uses bash strict mode!)

[Fri Jul 22 15:18:37 2022]
Error in rule filter_1kg_seqdata:
    jobid: 13
    output: data/1kg_prs/b-4821/ieu-b-4821_1kg_dosage.bed
    shell:
        
    	plink --bfile /project2/jjberg/data/1kg/plink-files/files/EUR/all_chroms --extract data/sib_gwas/filtered/ieu-b-4821_highfrq_LDclumped_transformed_rsID.txt --make-bed --out data/1kg_prs/b-4821/ieu-b-4821_1kg_dosage
        
        (one of the commands exited with non-zero exit code; note that snakemake uses bash strict mode!)

[Fri Jul 22 15:18:41 2022]
Error in rule filter_1kg_seqdata:
    jobid: 52
    output: data/1kg_prs/b-4847/ieu-b-4847_1kg_dosage.bed
    shell:
        
    	plink --bfile /project2/jjberg/data/1kg/plink-files/files/EUR/all_chroms --extract data/sib_gwas/filtered/ieu-b-4847_highfrq_LDclumped_transformed_rsID.txt --make-bed --out data/1kg_prs/b-4847/ieu-b-4847_1kg_dosage
        
        (one of the commands exited with non-zero exit code; note that snakemake uses bash strict mode!)

[Fri Jul 22 15:18:47 2022]
Error in rule filter_1kg_seqdata:
    jobid: 64
    output: data/1kg_prs/b-4855/ieu-b-4855_1kg_dosage.bed
    shell:
        
    	plink --bfile /project2/jjberg/data/1kg/plink-files/files/EUR/all_chroms --extract data/sib_gwas/filtered/ieu-b-4855_highfrq_LDclumped_transformed_rsID.txt --make-bed --out data/1kg_prs/b-4855/ieu-b-4855_1kg_dosage
        
        (one of the commands exited with non-zero exit code; note that snakemake uses bash strict mode!)

[Fri Jul 22 15:18:58 2022]
Error in rule filter_1kg_seqdata:
    jobid: 43
    output: data/1kg_prs/b-4841/ieu-b-4841_1kg_dosage.bed
    shell:
        
    	plink --bfile /project2/jjberg/data/1kg/plink-files/files/EUR/all_chroms --extract data/sib_gwas/filtered/ieu-b-4841_highfrq_LDclumped_transformed_rsID.txt --make-bed --out data/1kg_prs/b-4841/ieu-b-4841_1kg_dosage
        
        (one of the commands exited with non-zero exit code; note that snakemake uses bash strict mode!)

[Fri Jul 22 15:19:39 2022]
Finished job 28.
9 of 27 steps (33%) done
[Fri Jul 22 15:19:39 2022]
Finished job 37.
10 of 27 steps (37%) done
[Fri Jul 22 15:19:39 2022]
Finished job 4.
11 of 27 steps (41%) done
[Fri Jul 22 15:19:39 2022]
Finished job 19.
12 of 27 steps (44%) done
[Fri Jul 22 15:19:39 2022]
Finished job 55.
13 of 27 steps (48%) done
[Fri Jul 22 15:19:39 2022]
Finished job 49.
14 of 27 steps (52%) done
[Fri Jul 22 15:19:39 2022]
Finished job 34.
15 of 27 steps (56%) done
[Fri Jul 22 15:19:39 2022]
Finished job 16.
16 of 27 steps (59%) done
Shutting down, this might take some time.
Exiting because a job execution failed. Look above for error message
Complete log: .snakemake/log/2022-07-22T151748.578033.snakemake.log
